<?xml version="1.0" encoding="UTF-8"?>
<!-- Generated by org.testng.reporters.JUnitReportReporter -->
<testsuite hostname="CHN-0359" failures="0" tests="3" name="main.java.junit" time="61.731" errors="0" timestamp="2024-01-12T23:27:46 IST" skipped="0">
  <testcase classname="main.java.junit" name="Tablelist" time="15.057"/>
  <system-out/>
  <testcase classname="main.java.junit" name="Tablelist" time="24.924"/>
  <system-out/>
  <testcase classname="main.java.junit" name="Tablelist" time="21.750"/>
  <system-out/>
</testsuite> <!-- main.java.junit -->
