<?xml version="1.0" encoding="UTF-8"?>
<!-- Generated by org.testng.reporters.JUnitReportReporter -->
<testsuite hostname="CHN-0359" failures="0" tests="1" name="main.java.Question5" time="90.900" errors="0" timestamp="2024-01-26T11:12:23 IST" skipped="0">
  <testcase classname="main.java.Question5" name="test" time="90.900"/>
</testsuite> <!-- main.java.Question5 -->
